2025-09-23 19:41:48,602 - INFO - 
====================================================================================================
                             Initializing Community Detection Pipeline                              
====================================================================================================
2025-09-23 19:42:04,757 - INFO - NQ (Natural Questions) from Google graph
2025-09-23 19:42:04,758 - INFO - Description: Graph constructed from wiki articles citation data in the Natural Questions dataset
2025-09-23 19:42:04,758 - INFO - 
====================================================================================================
                                           Graph Analysis                                           
====================================================================================================
2025-09-23 19:42:19,078 - INFO - Computing self_loops...
2025-09-23 19:42:19,097 - INFO - ✅ self_loops completed in 0s
2025-09-23 19:42:19,097 - INFO - Computing density...
2025-09-23 19:42:19,122 - INFO - ✅ density completed in 0s
2025-09-23 19:42:28,770 - INFO - Computing connectivity_check...
2025-09-23 19:42:29,647 - INFO - ✅ connectivity_check completed in 0s
2025-09-23 19:42:29,647 - INFO - Computing reciprocity...
2025-09-23 19:42:38,900 - INFO - ✅ reciprocity completed in 9s
2025-09-23 19:42:47,376 - INFO - --> ✅ Graph metrics computation completed
2025-09-23 19:42:55,381 - INFO - --> ✅ Citation network analysis completed
2025-09-23 19:52:07,889 - INFO - --> JSON metrics saved to community_detection/output/run95/run95_metrics.json
2025-09-23 19:52:07,891 - INFO - --> Enhanced Markdown report saved to community_detection/output/run95/run95_report.md
2025-09-23 19:52:07,891 - INFO - ================================================================================
2025-09-23 19:52:07,891 - INFO -                            🚀 GRAPH ANALYSIS COMPLETE                            
2025-09-23 19:52:07,891 - INFO - --------------------------------------------------------------------------------
2025-09-23 19:52:07,891 - INFO - **Network Overview:**
2025-09-23 19:52:07,891 - INFO - - **Scale:** Very Large directed network
2025-09-23 19:52:07,891 - INFO - - **Size:** 108,071 nodes, 5,122,983 edges  
2025-09-23 19:52:07,891 - INFO - - **Connectivity:** sparse (density: 0.0%)
2025-09-23 19:52:07,891 - INFO - - **Average Connections:** 95.3 per node
2025-09-23 19:52:07,891 - INFO - **Key Characteristics:**
2025-09-23 19:52:07,891 - INFO - - 📈 **Growth Potential:** Very sparse network with room for expansion
2025-09-23 19:52:07,891 - INFO - --------------------------------------------------------------------------------
2025-09-23 19:52:07,891 - INFO - 📊 Computed 4 metrics in 0.00 seconds
2025-09-23 19:52:07,891 - INFO - ================================================================================
2025-09-23 19:52:07,891 - INFO - --> ✅ Enhanced reports generated
2025-09-23 19:52:07,891 - INFO - 
====================================================================================================
                                         Pipeline Complete                                          
====================================================================================================
2025-09-23 19:52:07,891 - INFO - --> All outputs saved to community_detection/output/run95
2025-09-23 19:52:07,891 - INFO - ===================================================================
2025-09-23 19:52:07,891 - INFO -                           Pipeline Summary                         
2025-09-23 19:52:07,891 - INFO - -------------------------------------------------------------------
2025-09-23 19:52:07,891 - INFO -    • Run ID: run95
2025-09-23 19:52:07,891 - INFO -    • Runtime: 10m 19s
