2025-09-18 11:11:50,565 - INFO - 
====================================================================================================
                             Initializing Community Detection Pipeline                              
====================================================================================================
2025-09-18 11:12:12,918 - INFO - NQ (Natural Questions) from Google graph
2025-09-18 11:12:12,918 - INFO - Description: Graph constructed from wiki articles citation data in the Natural Questions dataset
2025-09-18 11:12:12,918 - INFO - 
====================================================================================================
                                           Graph Analysis                                           
====================================================================================================
2025-09-18 11:13:18,476 - INFO - --> Citation network analysis completed
2025-09-18 11:13:18,482 - INFO - --> JSON metrics saved to community_detection/output/run64/run64_metrics.json
2025-09-18 11:13:18,483 - INFO - --> Enhanced Markdown report saved to community_detection/output/run64/run64_report.md
2025-09-18 11:13:18,484 - INFO - ===================================================================
2025-09-18 11:13:18,484 - INFO -                        Graph Analysis Summary                      
2025-09-18 11:13:18,484 - INFO - -------------------------------------------------------------------
2025-09-18 11:13:18,484 - INFO - This analysis examined a **large directed graph** with:
2025-09-18 11:13:18,484 - INFO -  - 108,071 nodes (entities) and 5,122,983 connections
2025-09-18 11:13:18,484 - INFO -  - 107,536 nodes remaining after isolation removal (535 isolated nodes removed)
2025-09-18 11:13:18,484 - INFO -  - Sparse connectivity (density: 0.0%)
2025-09-18 11:13:18,484 - INFO -  - Low clustering (0.0% - how tightly grouped entities are)
2025-09-18 11:13:18,484 - INFO -  - Average connections per entity: 95.3
2025-09-18 11:13:18,484 - INFO - **Key Insights:**
2025-09-18 11:13:18,484 - INFO -  - The network has 0 disconnected clusters, with the largest containing 0 entities
2025-09-18 11:13:18,484 - INFO -  - Low connectivity suggests potential for network growth
2025-09-18 11:13:18,484 - INFO - 
====================================================================================================
                                        Community Detection                                         
====================================================================================================
2025-09-18 11:16:52,678 - INFO - Infomap found 1262 communities in 3m 34s
2025-09-18 11:17:03,341 - INFO - Converted to undirected weighted graph:
2025-09-18 11:17:03,342 - INFO -    Weight distribution: {1: 3621599, 2: 750692}
2025-09-18 11:19:27,956 - INFO - Louvain found 27 communities in 2m 35s
2025-09-18 11:19:46,827 - INFO - Converted to undirected weighted graph:
2025-09-18 11:19:46,834 - INFO -    Weight distribution: {1: 3621599, 2: 750692}
2025-09-18 11:21:29,263 - INFO - Leiden found 18 communities in 2m 1s
2025-09-18 11:21:29,263 - INFO - 
====================================================================================================
                                      Community Visualization                                       
====================================================================================================
2025-09-18 11:27:55,389 - INFO - --> Macro-graph visualizations generated:
2025-09-18 11:27:55,389 - INFO -    • Infomap:
2025-09-18 11:27:55,389 - INFO -      - Weighted: community_detection/output/run64/macro_graphs/infomap_weighted_macro_graph.png
2025-09-18 11:27:55,389 - INFO -      - Thresholded: community_detection/output/run64/macro_graphs/infomap_thresholded_macro_graph.png
2025-09-18 11:27:55,389 - INFO -    • Louvain:
2025-09-18 11:27:55,389 - INFO -      - Weighted: community_detection/output/run64/macro_graphs/louvain_weighted_macro_graph.png
2025-09-18 11:27:55,389 - INFO -      - Thresholded: community_detection/output/run64/macro_graphs/louvain_thresholded_macro_graph.png
2025-09-18 11:27:55,389 - INFO -    • Leiden:
2025-09-18 11:27:55,389 - INFO -      - Weighted: community_detection/output/run64/macro_graphs/leiden_weighted_macro_graph.png
2025-09-18 11:27:55,389 - INFO -      - Thresholded: community_detection/output/run64/macro_graphs/leiden_thresholded_macro_graph.png
2025-09-18 11:27:55,390 - INFO - 
====================================================================================================
                                         Pipeline Complete                                          
====================================================================================================
2025-09-18 11:27:55,390 - INFO - --> All outputs saved to community_detection/output/run64
2025-09-18 11:27:55,390 - INFO - ===================================================================
2025-09-18 11:27:55,390 - INFO -                           Pipeline Summary                         
2025-09-18 11:27:55,390 - INFO - -------------------------------------------------------------------
2025-09-18 11:27:55,390 - INFO -    • Run ID: run64
2025-09-18 11:27:55,390 - INFO -    • Graph: NQ (Natural Questions) from Google (108071 nodes)
2025-09-18 11:27:55,390 - INFO -    • Runtime: 16m 4s
