2025-09-18 11:07:26,399 - INFO - 
====================================================================================================
                             Initializing Community Detection Pipeline                              
====================================================================================================
2025-09-18 11:07:26,406 - INFO - Simulated Citation Network graph
2025-09-18 11:07:26,406 - INFO - Description: Directed graph simulating academic paper citations
2025-09-18 11:07:26,406 - INFO - 
====================================================================================================
                                           Graph Analysis                                           
====================================================================================================
2025-09-18 11:07:26,421 - INFO - --> Citation network analysis completed
2025-09-18 11:07:26,422 - INFO - --> JSON metrics saved to community_detection/output/run63/run63_metrics.json
2025-09-18 11:07:26,422 - INFO - --> Enhanced Markdown report saved to community_detection/output/run63/run63_report.md
2025-09-18 11:07:26,422 - INFO - ===================================================================
2025-09-18 11:07:26,422 - INFO -                        Graph Analysis Summary                      
2025-09-18 11:07:26,422 - INFO - -------------------------------------------------------------------
2025-09-18 11:07:26,422 - INFO - This analysis examined a **medium directed graph** with:
2025-09-18 11:07:26,422 - INFO -  - 200 nodes (entities) and 714 connections
2025-09-18 11:07:26,422 - INFO -  - 0 nodes remaining after isolation removal (0 isolated nodes removed)
2025-09-18 11:07:26,422 - INFO -  - Sparse connectivity (density: 0.0%)
2025-09-18 11:07:26,422 - INFO -  - Low clustering (0.0% - how tightly grouped entities are)
2025-09-18 11:07:26,422 - INFO -  - Average connections per entity: 7.1
2025-09-18 11:07:26,422 - INFO - **Key Insights:**
2025-09-18 11:07:26,422 - INFO -  - The network is fully connected (all entities are reachable)
2025-09-18 11:07:26,422 - INFO -  - Low connectivity suggests potential for network growth
2025-09-18 11:07:26,423 - INFO - 
====================================================================================================
                                        Community Detection                                         
====================================================================================================
2025-09-18 11:07:26,506 - INFO - Infomap found 2 communities in 0s
2025-09-18 11:07:26,509 - INFO - Converted to undirected weighted graph:
2025-09-18 11:07:26,509 - INFO -    Weight distribution: {1: 468, 2: 123}
2025-09-18 11:07:26,571 - INFO - Louvain found 11 communities in 0s
2025-09-18 11:07:26,572 - INFO - Converted to undirected weighted graph:
2025-09-18 11:07:26,572 - INFO -    Weight distribution: {1: 468, 2: 123}
2025-09-18 11:07:26,578 - INFO - Leiden found 9 communities in 0s
2025-09-18 11:07:26,579 - INFO - 
====================================================================================================
                                      Community Visualization                                       
====================================================================================================
2025-09-18 11:07:32,640 - INFO - --> Macro-graph visualizations generated:
2025-09-18 11:07:32,640 - INFO -    • Infomap:
2025-09-18 11:07:32,640 - INFO -      - Weighted: community_detection/output/run63/macro_graphs/infomap_weighted_macro_graph.png
2025-09-18 11:07:32,640 - INFO -      - Thresholded: community_detection/output/run63/macro_graphs/infomap_thresholded_macro_graph.png
2025-09-18 11:07:32,640 - INFO -    • Louvain:
2025-09-18 11:07:32,640 - INFO -      - Weighted: community_detection/output/run63/macro_graphs/louvain_weighted_macro_graph.png
2025-09-18 11:07:32,640 - INFO -      - Thresholded: community_detection/output/run63/macro_graphs/louvain_thresholded_macro_graph.png
2025-09-18 11:07:32,640 - INFO -    • Leiden:
2025-09-18 11:07:32,640 - INFO -      - Weighted: community_detection/output/run63/macro_graphs/leiden_weighted_macro_graph.png
2025-09-18 11:07:32,640 - INFO -      - Thresholded: community_detection/output/run63/macro_graphs/leiden_thresholded_macro_graph.png
2025-09-18 11:07:32,640 - INFO - 
====================================================================================================
                                         Pipeline Complete                                          
====================================================================================================
2025-09-18 11:07:32,640 - INFO - --> All outputs saved to community_detection/output/run63
2025-09-18 11:07:32,640 - INFO - ===================================================================
2025-09-18 11:07:32,640 - INFO -                           Pipeline Summary                         
2025-09-18 11:07:32,640 - INFO - -------------------------------------------------------------------
2025-09-18 11:07:32,640 - INFO -    • Run ID: run63
2025-09-18 11:07:32,640 - INFO -    • Graph: Simulated Citation Network (200 nodes)
2025-09-18 11:07:32,640 - INFO -    • Runtime: 6s
