2025-09-23 01:45:27,543 - INFO - 
====================================================================================================
                             Initializing Community Detection Pipeline                              
====================================================================================================
2025-09-23 01:45:42,017 - INFO - NQ (Natural Questions) from Google graph
2025-09-23 01:45:42,017 - INFO - Description: Graph constructed from wiki articles citation data in the Natural Questions dataset
2025-09-23 01:45:42,018 - INFO - 
====================================================================================================
                                           Graph Analysis                                           
====================================================================================================
2025-09-23 01:45:56,295 - INFO - Computing self_loops...
2025-09-23 01:45:56,315 - INFO - ✅ self_loops completed in 0s
2025-09-23 01:45:56,316 - INFO - Computing density...
2025-09-23 01:45:56,331 - INFO - ✅ density completed in 0s
2025-09-23 01:46:07,331 - INFO - Computing connectivity_check...
2025-09-23 01:46:07,795 - INFO - ✅ connectivity_check completed in 0s
2025-09-23 01:46:07,796 - INFO - Computing reciprocity...
2025-09-23 01:46:16,140 - INFO - ✅ reciprocity completed in 8s
2025-09-23 01:46:22,643 - INFO - Computing transitivity...
2025-09-23 01:47:16,630 - INFO - ✅ transitivity completed in 53s
2025-09-23 01:47:16,630 - INFO - Computing average_clustering...
2025-09-23 01:55:49,553 - INFO - ✅ average_clustering completed in 8m 32s
2025-09-23 01:55:49,554 - INFO - Computing node_clustering...
2025-09-23 02:04:21,475 - INFO - ✅ node_clustering completed in 8m 31s
2025-09-23 02:04:48,367 - INFO - Distance metrics: fast approximation on 94675 nodes
2025-09-23 02:04:48,367 - INFO - Computing largest_scc_diameter_fast...
2025-09-23 02:04:49,285 - INFO - ✅ largest_scc_diameter_fast completed in 0s
2025-09-23 02:04:49,285 - INFO - Computing largest_scc_radius_fast...
2025-09-23 02:05:39,854 - INFO - ✅ largest_scc_radius_fast completed in 50s
2025-09-23 02:05:39,854 - INFO - Computing largest_scc_avg_path_fast...
2025-09-23 02:05:39,930 - INFO - ✅ largest_scc_avg_path_fast completed in 0s
2025-09-23 02:05:39,930 - INFO - Computing largest_scc_global_efficiency_fast...
2025-09-23 02:05:40,023 - INFO - ✅ largest_scc_global_efficiency_fast completed in 0s
2025-09-23 02:05:40,023 - INFO - ✅ Computed 4 distance metrics using fast approximation
2025-09-23 02:05:40,945 - INFO - Computing degree_centrality...
2025-09-23 02:05:40,963 - INFO - ✅ degree_centrality completed in 0s
2025-09-23 02:05:40,971 - INFO - Computing degree_assortativity...
2025-09-23 02:05:45,036 - INFO - ✅ degree_assortativity completed in 4s
2025-09-23 02:05:53,350 - INFO - Computing core_decomposition...
2025-09-23 02:06:24,064 - INFO - ✅ core_decomposition completed in 30s
2025-09-23 02:06:24,751 - INFO - --> ✅ Graph metrics computation completed
2025-09-23 02:06:32,809 - INFO - --> ✅ Citation network analysis completed
2025-09-23 02:06:34,475 - INFO - --> JSON metrics saved to community_detection/output/run85/run85_metrics.json
2025-09-23 02:06:34,477 - INFO - --> Enhanced Markdown report saved to community_detection/output/run85/run85_report.md
2025-09-23 02:06:34,477 - INFO - ================================================================================
2025-09-23 02:06:34,477 - INFO -                            🚀 GRAPH ANALYSIS COMPLETE                            
2025-09-23 02:06:34,477 - INFO - --------------------------------------------------------------------------------
2025-09-23 02:06:34,477 - INFO - **Network Overview:**
2025-09-23 02:06:34,477 - INFO - - **Scale:** Very Large directed network
2025-09-23 02:06:34,477 - INFO - - **Size:** 108,071 nodes, 5,122,983 edges  
2025-09-23 02:06:34,477 - INFO - - **Connectivity:** sparse (density: 0.0%)
2025-09-23 02:06:34,477 - INFO - - **Average Connections:** 95.3 per node
2025-09-23 02:06:34,477 - INFO - **Key Characteristics:**
2025-09-23 02:06:34,477 - INFO - - 📈 **Growth Potential:** Very sparse network with room for expansion
2025-09-23 02:06:34,477 - INFO - --------------------------------------------------------------------------------
2025-09-23 02:06:34,477 - INFO - 📊 Computed 14 metrics in 0.00 seconds
2025-09-23 02:06:34,477 - INFO - ================================================================================
2025-09-23 02:06:34,477 - INFO - --> ✅ Enhanced reports generated
2025-09-23 02:06:34,477 - INFO - 
====================================================================================================
                                         Pipeline Complete                                          
====================================================================================================
2025-09-23 02:06:34,477 - INFO - --> All outputs saved to community_detection/output/run85
2025-09-23 02:06:34,477 - INFO - ===================================================================
2025-09-23 02:06:34,477 - INFO -                           Pipeline Summary                         
2025-09-23 02:06:34,478 - INFO - -------------------------------------------------------------------
2025-09-23 02:06:34,478 - INFO -    • Run ID: run85
2025-09-23 02:06:34,478 - INFO -    • Runtime: 21m 6s
