2025-09-18 10:29:17,202 - INFO - 
====================================================================================================
                             Initializing Community Detection Pipeline                              
====================================================================================================
2025-09-18 10:29:39,083 - INFO - NQ (Natural Questions) from Google graph
2025-09-18 10:29:39,083 - INFO - Description: Graph constructed from wiki articles citation data in the Natural Questions dataset
2025-09-18 10:29:39,083 - INFO - 
====================================================================================================
                                           Graph Analysis                                           
====================================================================================================
2025-09-18 10:30:35,569 - INFO - --> Citation network analysis completed
2025-09-18 10:30:35,575 - INFO - --> JSON metrics saved to community_detection/output/run60/run60_metrics.json
2025-09-18 10:30:35,576 - INFO - --> Enhanced Markdown report saved to community_detection/output/run60/run60_report.md
2025-09-18 10:30:35,576 - INFO - ===================================================================
2025-09-18 10:30:35,576 - INFO -                        Graph Analysis Summary                      
2025-09-18 10:30:35,576 - INFO - -------------------------------------------------------------------
2025-09-18 10:30:35,576 - INFO - This analysis examined a **large directed graph** with:
2025-09-18 10:30:35,576 - INFO -  - 108,071 nodes (entities) and 5,122,983 connections
2025-09-18 10:30:35,576 - INFO -  - 107,536 nodes remaining after isolation removal (535 isolated nodes removed)
2025-09-18 10:30:35,576 - INFO -  - Sparse connectivity (density: 0.0%)
2025-09-18 10:30:35,577 - INFO -  - Low clustering (0.0% - how tightly grouped entities are)
2025-09-18 10:30:35,577 - INFO -  - Average connections per entity: 95.3
2025-09-18 10:30:35,577 - INFO - **Key Insights:**
2025-09-18 10:30:35,577 - INFO -  - The network has 0 disconnected clusters, with the largest containing 0 entities
2025-09-18 10:30:35,577 - INFO -  - Low connectivity suggests potential for network growth
2025-09-18 10:30:35,577 - INFO - 
====================================================================================================
                                        Community Detection                                         
====================================================================================================
2025-09-18 10:34:09,693 - INFO - Infomap found 1262 communities in 3m 34s
2025-09-18 10:34:22,361 - INFO - Converted to undirected weighted graph:
2025-09-18 10:34:22,364 - INFO -    Weight distribution: {1: 3621599, 2: 750692}
2025-09-18 10:36:28,938 - INFO - Louvain found 27 communities in 2m 19s
2025-09-18 10:36:40,998 - INFO - Converted to undirected weighted graph:
2025-09-18 10:36:40,998 - INFO -    Weight distribution: {1: 3621599, 2: 750692}
2025-09-18 10:38:29,307 - INFO - Leiden found 18 communities in 2m 0s
2025-09-18 10:38:29,307 - INFO - 
====================================================================================================
                                      Community Visualization                                       
====================================================================================================
2025-09-18 10:45:09,712 - INFO - --> Macro-graph visualizations generated:
2025-09-18 10:45:09,712 - INFO -    • Infomap:
2025-09-18 10:45:09,712 - INFO -      - Weighted: community_detection/output/run60/graphs/infomap_macro_graph_weighted.png
2025-09-18 10:45:09,712 - INFO -      - Thresholded: community_detection/output/run60/graphs/infomap_macro_graph_thresholded.png
2025-09-18 10:45:09,712 - INFO -    • Louvain:
2025-09-18 10:45:09,712 - INFO -      - Weighted: community_detection/output/run60/graphs/louvain_macro_graph_weighted.png
2025-09-18 10:45:09,712 - INFO -      - Thresholded: community_detection/output/run60/graphs/louvain_macro_graph_thresholded.png
2025-09-18 10:45:09,712 - INFO -    • Leiden:
2025-09-18 10:45:09,712 - INFO -      - Weighted: community_detection/output/run60/graphs/leiden_macro_graph_weighted.png
2025-09-18 10:45:09,712 - INFO -      - Thresholded: community_detection/output/run60/graphs/leiden_macro_graph_thresholded.png
2025-09-18 10:45:09,712 - INFO - --> Generating community names...
