2025-09-08 02:17:30,353 - INFO - 
====================================================================================================
                             Initializing Community Detection Pipeline                              
====================================================================================================
2025-09-08 02:17:30,577 - INFO - LFR Benchmark graph
2025-09-08 02:17:30,577 - INFO - Description: Synthetic graph generated using LFR benchmark for community detection testing
2025-09-08 02:17:30,577 - INFO - 
====================================================================================================
                                           Graph Analysis                                           
====================================================================================================
2025-09-08 02:17:30,886 - INFO - --> JSON metrics saved to community_detection/output/run26/run26_metrics.json
2025-09-08 02:17:30,886 - INFO - --> Markdown report saved to community_detection/output/run26/run26_report.md
2025-09-08 02:17:30,886 - INFO - ===================================================================
2025-09-08 02:17:30,886 - INFO -                        Graph Analysis Summary                      
2025-09-08 02:17:30,886 - INFO - -------------------------------------------------------------------
2025-09-08 02:17:30,886 - INFO - This analysis examined a **medium undirected graph** with:
2025-09-08 02:17:30,886 - INFO -  - 250 nodes (entities) and 513 connections
2025-09-08 02:17:30,886 - INFO -  - Sparse connectivity (density: 1.6%)
2025-09-08 02:17:30,886 - INFO -  - Low clustering (14.8% - how tightly grouped entities are)
2025-09-08 02:17:30,886 - INFO -  - Average connections per entity: 4.1
2025-09-08 02:17:30,886 - INFO - **Key Insights:**
2025-09-08 02:17:30,886 - INFO -  - The network is fully connected (all entities are reachable)
2025-09-08 02:17:30,886 - INFO -  - Low connectivity suggests potential for network growth
2025-09-08 02:17:30,886 - INFO - 
====================================================================================================
                                        Community Detection                                         
====================================================================================================
2025-09-08 02:17:31,055 - INFO - Infomap found 2 communities
2025-09-08 02:17:31,078 - INFO - Louvain found 8 communities
2025-09-08 02:17:31,079 - INFO - 
====================================================================================================
                                        Community Evaluation                                        
====================================================================================================
2025-09-08 02:17:31,110 - INFO - --> Community results saved to community_detection/output/run26/run26_community_results.json
2025-09-08 02:17:31,110 - INFO - 📊 COMMUNITY DETECTION COMPARISON
2025-09-08 02:17:31,110 - INFO - ==================================================
2025-09-08 02:17:31,110 - INFO - Method       Communities  Modularity   Homophily   
2025-09-08 02:17:31,110 - INFO - --------------------------------------------------
2025-09-08 02:17:31,110 - INFO - Infomap      2            0.1889       0.9883      
2025-09-08 02:17:31,110 - INFO - Louvain      8            0.7891       0.9279      
2025-09-08 02:17:31,110 - INFO - ==================================================
2025-09-08 02:17:31,110 - INFO - 
====================================================================================================
                                      Community Visualization                                       
====================================================================================================
2025-09-08 02:17:31,110 - INFO - 
====================================================================================================
                                         Pipeline Complete                                          
====================================================================================================
2025-09-08 02:17:31,110 - INFO - --> All outputs saved to community_detection/output/run26
2025-09-08 02:17:31,110 - INFO - ===================================================================
2025-09-08 02:17:31,110 - INFO -                           Pipeline Summary                         
2025-09-08 02:17:31,110 - INFO - -------------------------------------------------------------------
2025-09-08 02:17:31,110 - INFO -    • Run ID: run26
2025-09-08 02:17:31,110 - INFO -    • Graph: LFR Benchmark (250 nodes)
2025-09-08 02:17:31,110 - INFO -    • Runtime: 0s
