2025-09-07 20:00:16,760 - INFO - 
====================================================================================================
                             Initializing Community Detection Pipeline                              
====================================================================================================
2025-09-07 20:00:17,001 - INFO - 
====================================================================================================
                                           Graph Analysis                                           
====================================================================================================
2025-09-07 20:00:17,225 - INFO - 
===== Basic Graph Properties =====
2025-09-07 20:00:17,225 - INFO -  • Is directed..............................: False
2025-09-07 20:00:17,225 - INFO -  • Is weighted..............................: False
2025-09-07 20:00:17,225 - INFO -  • Is multi-graph...........................: False
2025-09-07 20:00:17,225 - INFO -  • Is connected (undirected view)...........: True
2025-09-07 20:00:17,225 - INFO - 
===== Node-level Statistics =====
2025-09-07 20:00:17,225 - INFO -  • Number of nodes..........................: 250
2025-09-07 20:00:17,225 - INFO -  • Number of nodes with zero total degree...: 0
2025-09-07 20:00:17,225 - INFO - 
===== Global Graph Statistics - Trivial =====
2025-09-07 20:00:17,225 - INFO -  • Number of edges..........................: 513
2025-09-07 20:00:17,225 - INFO -  • Average degree...........................: 4.10
2025-09-07 20:00:17,225 - INFO -  • Density..................................: 0.016482
2025-09-07 20:00:17,225 - INFO -  • Self-loops...............................: 19
2025-09-07 20:00:17,225 - INFO -  • Number of connected components...........: 1
2025-09-07 20:00:17,225 - INFO -  • Largest connected component size.........: 250
2025-09-07 20:00:17,225 - INFO -  • Component size (mean)....................: 250.0
2025-09-07 20:00:17,225 - INFO - 
===== Global Graph Statistics - Advanced =====
2025-09-07 20:00:17,225 - INFO -  • Transitivity.............................: 0.101449
2025-09-07 20:00:17,225 - INFO -  • Average clustering coefficient...........: 0.147994
2025-09-07 20:00:17,226 - INFO -  • Filtered avg clustering (deg > 1)........: 0.147994
2025-09-07 20:00:17,226 - INFO -  • Average distance.........................: 5.2080
2025-09-07 20:00:17,226 - INFO -  • Diameter.................................: 13
2025-09-07 20:00:17,226 - INFO -  • Radius...................................: 7
2025-09-07 20:00:17,226 - INFO -  • Global efficiency........................: 0.233334
2025-09-07 20:00:17,226 - INFO -  • Average degree centrality................: 0.016482
2025-09-07 20:00:17,226 - INFO -  • Average closeness centrality.............: 0.198048
2025-09-07 20:00:17,226 - INFO -  • Average betweenness centrality...........: 0.016968
2025-09-07 20:00:17,226 - INFO -  • Average eigenvector centrality...........: 0.025754
2025-09-07 20:00:17,226 - INFO -  • Max core number..........................: 3
2025-09-07 20:00:17,226 - INFO -  • Mean core number.........................: 2.39
2025-09-07 20:00:17,226 - INFO -  • Number of bridges........................: 9
2025-09-07 20:00:17,226 - INFO -  • Degree assortativity.....................: -0.077567
2025-09-07 20:00:17,226 - INFO - --> Graph metrics saved to community_detection/output/run9/graph_metrics.txt
2025-09-07 20:00:17,226 - INFO - 
====================================================================================================
                                        Community Detection                                         
====================================================================================================
2025-09-07 20:00:17,320 - INFO - Infomap found 2 communities
2025-09-07 20:00:17,339 - INFO - Louvain found 8 communities
2025-09-07 20:00:17,339 - INFO - 
====================================================================================================
                                        Community Evaluation                                        
====================================================================================================
2025-09-07 20:00:17,365 - INFO - 
Infomap metrics:
2025-09-07 20:00:17,365 - INFO -   modularity: 0.1889
2025-09-07 20:00:17,365 - INFO -   homophily: 0.9883
2025-09-07 20:00:17,365 - INFO -   avg_conductance: 0.0127
2025-09-07 20:00:17,365 - INFO -   avg_tpr: 0.4320
2025-09-07 20:00:17,365 - INFO -   avg_clustering: 0.1494
2025-09-07 20:00:17,365 - INFO - 
Louvain metrics:
2025-09-07 20:00:17,365 - INFO -   modularity: 0.7859
2025-09-07 20:00:17,365 - INFO -   homophily: 0.9259
2025-09-07 20:00:17,365 - INFO -   avg_conductance: 0.0742
2025-09-07 20:00:17,365 - INFO -   avg_tpr: 0.4280
2025-09-07 20:00:17,365 - INFO -   avg_clustering: 0.1624
2025-09-07 20:00:17,365 - INFO - 
====================================================================================================
                                      Community Visualization                                       
====================================================================================================
2025-09-07 20:00:17,365 - INFO - 
====================================================================================================
                                         Pipeline Complete                                          
====================================================================================================
2025-09-07 20:00:17,365 - INFO - --> Total runtime: 0s
