2025-09-18 03:13:37,183 - INFO - 
====================================================================================================
                             Initializing Community Detection Pipeline                              
====================================================================================================
2025-09-18 03:13:37,190 - INFO - Simulated Citation Network graph
2025-09-18 03:13:37,190 - INFO - Description: Directed graph simulating academic paper citations
2025-09-18 03:13:37,190 - INFO - 
====================================================================================================
                                           Graph Analysis                                           
====================================================================================================
2025-09-18 03:13:37,202 - INFO - Initiating advanced metrics calculation...
2025-09-18 03:13:37,202 - INFO - Calculating transitivity...
2025-09-18 03:13:37,203 - INFO - Calculating average clustering...
2025-09-18 03:13:37,207 - INFO - Calculating filtered average clustering...
2025-09-18 03:13:37,211 - INFO - Calculating average shortest path length...
2025-09-18 03:13:37,225 - INFO - Calculating diameter...
2025-09-18 03:13:37,238 - INFO - Calculating radius...
2025-09-18 03:13:37,252 - INFO - Calculating centrality measures...
2025-09-18 03:13:37,390 - INFO - Calculating degree assortativity...
2025-09-18 03:13:37,395 - INFO - Calculating core numbers...
2025-09-18 03:13:37,397 - INFO - Calculating rich club coefficient...
2025-09-18 03:13:37,397 - INFO - Calculating global efficiency...
2025-09-18 03:13:37,599 - INFO - --> Citation network analysis completed
2025-09-18 03:13:37,600 - INFO - --> JSON metrics saved to community_detection/output/run58/run58_metrics.json
2025-09-18 03:13:37,601 - INFO - --> Enhanced Markdown report saved to community_detection/output/run58/run58_report.md
2025-09-18 03:13:37,601 - INFO - ===================================================================
2025-09-18 03:13:37,601 - INFO -                        Graph Analysis Summary                      
2025-09-18 03:13:37,601 - INFO - -------------------------------------------------------------------
2025-09-18 03:13:37,601 - INFO - This analysis examined a **medium directed graph** with:
2025-09-18 03:13:37,601 - INFO -  - 200 nodes (entities) and 714 connections
2025-09-18 03:13:37,601 - INFO -  - 0 nodes remaining after isolation removal (0 isolated nodes removed)
2025-09-18 03:13:37,601 - INFO -  - Sparse connectivity (density: 0.0%)
2025-09-18 03:13:37,601 - INFO -  - Low clustering (0.0% - how tightly grouped entities are)
2025-09-18 03:13:37,601 - INFO -  - Average connections per entity: 7.1
2025-09-18 03:13:37,601 - INFO - **Key Insights:**
2025-09-18 03:13:37,601 - INFO -  - The network is fully connected (all entities are reachable)
2025-09-18 03:13:37,601 - INFO -  - Low connectivity suggests potential for network growth
2025-09-18 03:13:37,601 - INFO - 
====================================================================================================
                                        Community Detection                                         
====================================================================================================
2025-09-18 03:13:38,047 - INFO - Infomap found 2 communities in 0s
2025-09-18 03:13:38,050 - INFO - Converted to undirected weighted graph:
2025-09-18 03:13:38,050 - INFO -    Weight distribution: {1: 468, 2: 123}
2025-09-18 03:13:38,090 - INFO - Louvain found 11 communities in 0s
2025-09-18 03:13:38,092 - INFO - Converted to undirected weighted graph:
2025-09-18 03:13:38,092 - INFO -    Weight distribution: {1: 468, 2: 123}
2025-09-18 03:13:38,102 - INFO - Leiden found 9 communities in 0s
2025-09-18 03:13:38,103 - INFO - 
====================================================================================================
                                        Community Evaluation                                        
====================================================================================================
2025-09-18 03:13:38,157 - INFO - --> Community results saved to community_detection/output/run58/run58_community_results.json
2025-09-18 03:13:38,160 - INFO - --> Community comparison CSV saved to community_detection/output/run58/run58_comparison.csv
2025-09-18 03:13:39,496 - INFO - --> Community size histograms generated:
2025-09-18 03:13:39,497 - INFO -    • Infomap: community_detection/output/run58/graphs/infomap_community_size_barplot.png
2025-09-18 03:13:39,497 - INFO -    • Louvain: community_detection/output/run58/graphs/louvain_community_size_barplot.png
2025-09-18 03:13:39,497 - INFO -    • Leiden: community_detection/output/run58/graphs/leiden_community_size_barplot.png
2025-09-18 03:13:39,497 - INFO - 📊 COMMUNITY DETECTION COMPARISON
2025-09-18 03:13:39,497 - INFO - ==================================================
2025-09-18 03:13:39,497 - INFO - Method       Communities  Modularity   Homophily   
2025-09-18 03:13:39,497 - INFO - --------------------------------------------------
2025-09-18 03:13:39,497 - INFO - Infomap      2            0.1378       0.7843      
2025-09-18 03:13:39,497 - INFO - Louvain      11           0.4105       0.5084      
2025-09-18 03:13:39,497 - INFO - Leiden       9            0.3846       0.5028      
2025-09-18 03:13:39,497 - INFO - ==================================================
2025-09-18 03:13:39,497 - INFO - 
====================================================================================================
                                      Community Visualization                                       
====================================================================================================
2025-09-18 03:13:39,497 - INFO - 
====================================================================================================
                                         Pipeline Complete                                          
====================================================================================================
2025-09-18 03:13:39,497 - INFO - --> All outputs saved to community_detection/output/run58
2025-09-18 03:13:39,497 - INFO - ===================================================================
2025-09-18 03:13:39,497 - INFO -                           Pipeline Summary                         
2025-09-18 03:13:39,497 - INFO - -------------------------------------------------------------------
2025-09-18 03:13:39,497 - INFO -    • Run ID: run58
2025-09-18 03:13:39,497 - INFO -    • Graph: Simulated Citation Network (200 nodes)
2025-09-18 03:13:39,497 - INFO -    • Runtime: 2s
