2025-09-18 11:43:01,470 - INFO - 
====================================================================================================
                             Initializing Community Detection Pipeline                              
====================================================================================================
2025-09-18 11:43:22,511 - INFO - NQ (Natural Questions) from Google graph
2025-09-18 11:43:22,511 - INFO - Description: Graph constructed from wiki articles citation data in the Natural Questions dataset
2025-09-18 11:43:22,511 - INFO - 
====================================================================================================
                                           Graph Analysis                                           
====================================================================================================
2025-09-18 11:44:19,175 - INFO - --> Citation network analysis completed
2025-09-18 11:44:19,181 - INFO - --> JSON metrics saved to community_detection/output/run65/run65_metrics.json
2025-09-18 11:44:19,182 - INFO - --> Enhanced Markdown report saved to community_detection/output/run65/run65_report.md
2025-09-18 11:44:19,182 - INFO - ===================================================================
2025-09-18 11:44:19,182 - INFO -                        Graph Analysis Summary                      
2025-09-18 11:44:19,182 - INFO - -------------------------------------------------------------------
2025-09-18 11:44:19,182 - INFO - This analysis examined a **large directed graph** with:
2025-09-18 11:44:19,182 - INFO -  - 108,071 nodes (entities) and 5,122,983 connections
2025-09-18 11:44:19,182 - INFO -  - 107,536 nodes remaining after isolation removal (535 isolated nodes removed)
2025-09-18 11:44:19,182 - INFO -  - Sparse connectivity (density: 0.0%)
2025-09-18 11:44:19,182 - INFO -  - Low clustering (0.0% - how tightly grouped entities are)
2025-09-18 11:44:19,182 - INFO -  - Average connections per entity: 95.3
2025-09-18 11:44:19,182 - INFO - **Key Insights:**
2025-09-18 11:44:19,182 - INFO -  - The network has 0 disconnected clusters, with the largest containing 0 entities
2025-09-18 11:44:19,182 - INFO -  - Low connectivity suggests potential for network growth
2025-09-18 11:44:19,182 - INFO - 
====================================================================================================
                                        Community Detection                                         
====================================================================================================
2025-09-18 11:47:44,236 - INFO - Infomap found 1262 communities in 3m 25s
2025-09-18 11:47:56,766 - INFO - Converted to undirected weighted graph:
2025-09-18 11:47:56,766 - INFO -    Weight distribution: {1: 3621599, 2: 750692}
2025-09-18 11:50:09,560 - INFO - Louvain found 27 communities in 2m 25s
2025-09-18 11:50:32,146 - INFO - Converted to undirected weighted graph:
2025-09-18 11:50:32,148 - INFO -    Weight distribution: {1: 3621599, 2: 750692}
2025-09-18 11:52:10,445 - INFO - Leiden found 18 communities in 2m 0s
2025-09-18 11:52:10,445 - INFO - 
====================================================================================================
                                      Community Visualization                                       
====================================================================================================
