2025-09-28 20:21:32,344 - INFO - 
====================================================================================================
                             Initializing Community Detection Pipeline                              
====================================================================================================
2025-09-28 20:21:48,577 - INFO - NQ (Natural Questions) from Google graph
2025-09-28 20:21:48,577 - INFO - Description: Graph constructed from wiki articles citation data in the Natural Questions dataset
2025-09-28 20:21:48,577 - INFO - 
====================================================================================================
                                           Graph Analysis                                           
====================================================================================================
2025-09-28 20:22:11,488 - INFO - Computing self_loops...
2025-09-28 20:22:11,507 - INFO - ✅ self_loops completed in 0s
2025-09-28 20:22:11,507 - INFO - Computing density...
2025-09-28 20:22:11,520 - INFO - ✅ density completed in 0s
2025-09-28 20:22:19,857 - INFO - Computing connectivity_check...
2025-09-28 20:22:20,335 - INFO - ✅ connectivity_check completed in 0s
2025-09-28 20:22:20,335 - INFO - Computing reciprocity...
2025-09-28 20:22:31,833 - INFO - ✅ reciprocity completed in 11s
2025-09-28 20:22:38,438 - INFO - Computing transitivity...
2025-09-28 20:23:30,493 - INFO - ✅ transitivity completed in 52s
2025-09-28 20:23:30,493 - INFO - Computing average_clustering...
2025-09-28 20:31:59,372 - INFO - ✅ average_clustering completed in 8m 28s
2025-09-28 20:31:59,372 - INFO - Computing node_clustering...
2025-09-28 20:40:30,152 - INFO - ✅ node_clustering completed in 8m 30s
2025-09-28 20:40:51,219 - INFO - Distance metrics: using BFS sampling on 94675 nodes
2025-09-28 20:40:56,554 - INFO -      BFS sampling: 23668 nodes from 94675 (25.0% target, actual: 25.0%)
2025-09-28 20:41:01,398 - INFO -      Largest CC: 23668 nodes (100.0% of sample)
2025-09-28 20:41:01,512 - INFO - Computing largest_scc_diameter_fast...
2025-09-28 20:41:02,436 - INFO - ✅ largest_scc_diameter_fast completed in 0s
2025-09-28 20:41:02,436 - INFO - Computing largest_scc_radius_fast...
2025-09-28 21:04:51,239 - INFO - ✅ largest_scc_radius_fast completed in 23m 48s
2025-09-28 21:04:51,240 - INFO - Computing largest_scc_avg_path_fast...
2025-09-28 21:28:23,039 - INFO - ✅ largest_scc_avg_path_fast completed in 23m 31s
2025-09-28 21:28:23,040 - INFO - Computing largest_scc_global_efficiency_fast...
2025-09-28 21:52:06,801 - INFO - ✅ largest_scc_global_efficiency_fast completed in 23m 43s
2025-09-28 21:52:08,020 - INFO - Computing degree_centrality...
2025-09-28 21:52:08,043 - INFO - ✅ degree_centrality completed in 0s
2025-09-28 21:52:08,048 - INFO - Computing degree_assortativity...
2025-09-28 21:52:12,220 - INFO - ✅ degree_assortativity completed in 4s
2025-09-28 21:52:17,988 - INFO - Computing core_decomposition...
2025-09-28 21:52:46,347 - INFO - ✅ core_decomposition completed in 28s
2025-09-28 21:52:46,941 - INFO - --> Graph metrics computation completed
2025-09-28 21:52:54,319 - INFO - --> Citation network analysis completed
2025-09-28 21:52:57,828 - INFO - --> JSON metrics saved to community_detection/output/run115/run115_metrics.json
2025-09-28 21:52:57,829 - INFO - --> Enhanced Markdown report saved to community_detection/output/run115/run115_report.md
2025-09-28 21:52:57,829 - INFO - ================================================================================
2025-09-28 21:52:57,830 - INFO -                            🚀 GRAPH ANALYSIS COMPLETE                            
2025-09-28 21:52:57,830 - INFO - --------------------------------------------------------------------------------
2025-09-28 21:52:57,830 - INFO - **Network Overview:**
2025-09-28 21:52:57,830 - INFO - - **Scale:** Very Large directed network
2025-09-28 21:52:57,830 - INFO - - **Size:** 108,071 nodes, 5,122,983 edges
2025-09-28 21:52:57,830 - INFO - - **Connectivity:** sparse (density: 0.0%)
2025-09-28 21:52:57,830 - INFO - - **Average Connections:** 95.3 per node
2025-09-28 21:52:57,830 - INFO - **Key Characteristics:**
2025-09-28 21:52:57,830 - INFO - - ✅ **Fully Connected:** All nodes are reachable
2025-09-28 21:52:57,830 - INFO - - 📈 **Growth Potential:** Very sparse network with room for expansion
2025-09-28 21:52:57,830 - INFO - --------------------------------------------------------------------------------
2025-09-28 21:52:57,830 - INFO - 📊 Computed metrics in 5457.76 seconds
2025-09-28 21:52:57,830 - INFO - ================================================================================
2025-09-28 21:52:57,830 - INFO - --> Enhanced reports generated
2025-09-28 21:52:57,830 - INFO - 
====================================================================================================
                                         Pipeline Complete                                          
====================================================================================================
2025-09-28 21:52:57,830 - INFO - --> All outputs saved to community_detection/output/run115
2025-09-28 21:52:57,830 - INFO - ===================================================================
2025-09-28 21:52:57,830 - INFO -                           Pipeline Summary                         
2025-09-28 21:52:57,830 - INFO - -------------------------------------------------------------------
2025-09-28 21:52:57,830 - INFO -    • Run ID: run115
2025-09-28 21:52:57,830 - INFO -    • Runtime: 91m 25s
