2025-09-18 03:04:47,464 - INFO - 
====================================================================================================
                             Initializing Community Detection Pipeline                              
====================================================================================================
2025-09-18 03:04:47,471 - INFO - Simulated Citation Network graph
2025-09-18 03:04:47,471 - INFO - Description: Directed graph simulating academic paper citations
2025-09-18 03:04:47,471 - INFO - 
====================================================================================================
                                           Graph Analysis                                           
====================================================================================================
2025-09-18 03:04:47,485 - INFO - Initiating advanced metrics calculation...
2025-09-18 03:04:47,485 - INFO - Calculating transitivity...
2025-09-18 03:04:47,488 - INFO - Calculating average clustering...
2025-09-18 03:04:47,492 - INFO - Calculating filtered average clustering...
2025-09-18 03:04:47,497 - INFO - Calculating average shortest path length...
2025-09-18 03:04:47,515 - INFO - Calculating diameter...
2025-09-18 03:04:47,533 - INFO - Calculating radius...
2025-09-18 03:04:47,556 - INFO - Calculating centrality measures...
2025-09-18 03:04:47,712 - INFO - Calculating degree assortativity...
2025-09-18 03:04:47,715 - INFO - Calculating core numbers...
2025-09-18 03:04:47,716 - INFO - Calculating rich club coefficient...
2025-09-18 03:04:47,716 - INFO - Calculating global efficiency...
2025-09-18 03:04:47,841 - INFO - --> Citation network analysis completed
2025-09-18 03:04:47,842 - INFO - --> JSON metrics saved to community_detection/output/run56/run56_metrics.json
2025-09-18 03:04:47,843 - INFO - --> Enhanced Markdown report saved to community_detection/output/run56/run56_report.md
2025-09-18 03:04:47,843 - INFO - ===================================================================
2025-09-18 03:04:47,843 - INFO -                        Graph Analysis Summary                      
2025-09-18 03:04:47,843 - INFO - -------------------------------------------------------------------
2025-09-18 03:04:47,843 - INFO - This analysis examined a **medium directed graph** with:
2025-09-18 03:04:47,843 - INFO -  - 200 nodes (entities) and 714 connections
2025-09-18 03:04:47,843 - INFO -  - 0 nodes remaining after isolation removal (0 isolated nodes removed)
2025-09-18 03:04:47,843 - INFO -  - Sparse connectivity (density: 0.0%)
2025-09-18 03:04:47,843 - INFO -  - Low clustering (0.0% - how tightly grouped entities are)
2025-09-18 03:04:47,843 - INFO -  - Average connections per entity: 7.1
2025-09-18 03:04:47,843 - INFO - **Key Insights:**
2025-09-18 03:04:47,843 - INFO -  - The network is fully connected (all entities are reachable)
2025-09-18 03:04:47,843 - INFO -  - Low connectivity suggests potential for network growth
2025-09-18 03:04:47,843 - INFO - 
====================================================================================================
                                        Community Detection                                         
====================================================================================================
2025-09-18 03:04:48,143 - INFO - Infomap found 2 communities in 0s
2025-09-18 03:04:48,146 - INFO - Converted to undirected weighted graph:
2025-09-18 03:04:48,146 - INFO -    Weight distribution: {1: 468, 2: 123}
2025-09-18 03:04:48,166 - INFO - Louvain found 11 communities in 0s
2025-09-18 03:04:48,167 - INFO - Converted to undirected weighted graph:
2025-09-18 03:04:48,167 - INFO -    Weight distribution: {1: 468, 2: 123}
2025-09-18 03:04:48,176 - INFO - Leiden found 9 communities in 0s
2025-09-18 03:04:48,176 - INFO - 
====================================================================================================
                                        Community Evaluation                                        
====================================================================================================
2025-09-18 03:04:48,224 - INFO - --> Community results saved to community_detection/output/run56/run56_community_results.json
2025-09-18 03:04:48,232 - INFO - --> Community comparison CSV saved to community_detection/output/run56/run56_comparison.csv
2025-09-18 03:04:49,660 - INFO - --> Community size histograms generated:
2025-09-18 03:04:49,660 - INFO -    • Infomap: community_detection/output/run56/graphs/infomap_community_size_histogram.png
2025-09-18 03:04:49,660 - INFO -    • Louvain: community_detection/output/run56/graphs/louvain_community_size_histogram.png
2025-09-18 03:04:49,660 - INFO -    • Leiden: community_detection/output/run56/graphs/leiden_community_size_histogram.png
2025-09-18 03:04:49,660 - INFO - 📊 COMMUNITY DETECTION COMPARISON
2025-09-18 03:04:49,660 - INFO - ==================================================
2025-09-18 03:04:49,660 - INFO - Method       Communities  Modularity   Homophily   
2025-09-18 03:04:49,660 - INFO - --------------------------------------------------
2025-09-18 03:04:49,660 - INFO - Infomap      2            0.1378       0.7843      
2025-09-18 03:04:49,660 - INFO - Louvain      11           0.4105       0.5084      
2025-09-18 03:04:49,660 - INFO - Leiden       9            0.3846       0.5028      
2025-09-18 03:04:49,660 - INFO - ==================================================
2025-09-18 03:04:49,660 - INFO - 
====================================================================================================
                                      Community Visualization                                       
====================================================================================================
2025-09-18 03:04:49,660 - INFO - 
====================================================================================================
                                         Pipeline Complete                                          
====================================================================================================
2025-09-18 03:04:49,660 - INFO - --> All outputs saved to community_detection/output/run56
2025-09-18 03:04:49,661 - INFO - ===================================================================
2025-09-18 03:04:49,661 - INFO -                           Pipeline Summary                         
2025-09-18 03:04:49,661 - INFO - -------------------------------------------------------------------
2025-09-18 03:04:49,661 - INFO -    • Run ID: run56
2025-09-18 03:04:49,661 - INFO -    • Graph: Simulated Citation Network (200 nodes)
2025-09-18 03:04:49,661 - INFO -    • Runtime: 2s
