2025-09-08 09:50:26,023 - INFO - 
====================================================================================================
                             Initializing Community Detection Pipeline                              
====================================================================================================
2025-09-08 09:50:48,008 - INFO - NQ (Natural Questions) from Google graph
2025-09-08 09:50:48,008 - INFO - Description: Graph constructed from wiki articles citation data in the Natural Questions dataset
2025-09-08 09:50:48,008 - INFO - 
====================================================================================================
                                           Graph Analysis                                           
====================================================================================================
2025-09-08 09:51:35,264 - INFO - Calculating transitivity...
2025-09-08 09:52:47,070 - INFO - Calculating average clustering...
2025-09-08 10:06:17,477 - INFO - Calculating filtered average clustering...
2025-09-08 10:20:00,815 - INFO - Calculating metrics for largest connected component...
2025-09-08 11:24:27,894 - INFO - Calculating degree assortativity...
2025-09-08 11:24:35,316 - INFO - Calculating core numbers...
2025-09-08 11:25:41,408 - INFO - Calculating rich club coefficient...
2025-09-08 11:25:41,408 - INFO - Calculating global efficiency...
2025-09-08 11:25:57,514 - INFO - --> Citation network analysis completed
2025-09-08 11:25:57,521 - INFO - --> JSON metrics saved to community_detection/output/run32/run32_metrics.json
2025-09-08 11:25:57,522 - INFO - --> Enhanced Markdown report saved to community_detection/output/run32/run32_report.md
2025-09-08 11:25:57,522 - INFO - ===================================================================
2025-09-08 11:25:57,522 - INFO -                        Graph Analysis Summary                      
2025-09-08 11:25:57,522 - INFO - -------------------------------------------------------------------
2025-09-08 11:25:57,522 - INFO - This analysis examined a **large directed graph** with:
2025-09-08 11:25:57,522 - INFO -  - 108,071 nodes (entities) and 5,122,983 connections
2025-09-08 11:25:57,522 - INFO -  - Sparse connectivity (density: 0.0%)
2025-09-08 11:25:57,522 - INFO -  - Low clustering (0.0% - how tightly grouped entities are)
2025-09-08 11:25:57,522 - INFO -  - Average connections per entity: 95.3
2025-09-08 11:25:57,522 - INFO - **Key Insights:**
2025-09-08 11:25:57,522 - INFO -  - The network has 0 disconnected clusters, with the largest containing 0 entities
2025-09-08 11:25:57,522 - INFO -  - Low connectivity suggests potential for network growth
2025-09-08 11:25:57,522 - INFO - 
====================================================================================================
                                        Community Detection                                         
====================================================================================================
2025-09-08 11:29:39,936 - INFO - Infomap found 1433 communities
2025-09-08 11:32:25,256 - INFO - Louvain found 553 communities
2025-09-08 11:32:25,256 - INFO - 
====================================================================================================
                                        Community Evaluation                                        
====================================================================================================
2025-09-08 12:07:38,902 - INFO - --> Community results saved to community_detection/output/run32/run32_community_results.json
2025-09-08 12:07:38,902 - INFO - 📊 COMMUNITY DETECTION COMPARISON
2025-09-08 12:07:38,902 - INFO - ==================================================
2025-09-08 12:07:38,902 - INFO - Method       Communities  Modularity   Homophily   
2025-09-08 12:07:38,902 - INFO - --------------------------------------------------
2025-09-08 12:07:38,902 - INFO - Infomap      1433         0.5039       0.5268      
2025-09-08 12:07:38,902 - INFO - Louvain      553          0.5962       0.7142      
2025-09-08 12:07:38,902 - INFO - ==================================================
2025-09-08 12:07:38,902 - INFO - 
====================================================================================================
                                      Community Visualization                                       
====================================================================================================
2025-09-08 12:07:38,902 - INFO - 
====================================================================================================
                                         Pipeline Complete                                          
====================================================================================================
2025-09-08 12:07:38,902 - INFO - --> All outputs saved to community_detection/output/run32
2025-09-08 12:07:38,902 - INFO - ===================================================================
2025-09-08 12:07:38,902 - INFO -                           Pipeline Summary                         
2025-09-08 12:07:38,902 - INFO - -------------------------------------------------------------------
2025-09-08 12:07:38,902 - INFO -    • Run ID: run32
2025-09-08 12:07:38,902 - INFO -    • Graph: NQ (Natural Questions) from Google (108071 nodes)
2025-09-08 12:07:38,903 - INFO -    • Runtime: 137m 12s
