2025-09-18 03:29:29,189 - INFO - 
====================================================================================================
                             Initializing Community Detection Pipeline                              
====================================================================================================
2025-09-18 03:29:29,194 - INFO - Simulated Citation Network graph
2025-09-18 03:29:29,194 - INFO - Description: Directed graph simulating academic paper citations
2025-09-18 03:29:29,194 - INFO - 
====================================================================================================
                                           Graph Analysis                                           
====================================================================================================
2025-09-18 03:29:29,202 - INFO - Initiating advanced metrics calculation...
2025-09-18 03:29:29,202 - INFO - Calculating transitivity...
2025-09-18 03:29:29,204 - INFO - Calculating average clustering...
2025-09-18 03:29:29,209 - INFO - Calculating filtered average clustering...
2025-09-18 03:29:29,212 - INFO - Calculating average shortest path length...
2025-09-18 03:29:29,223 - INFO - Calculating diameter...
2025-09-18 03:29:29,233 - INFO - Calculating radius...
2025-09-18 03:29:29,243 - INFO - Calculating centrality measures...
2025-09-18 03:29:29,277 - INFO - Calculating degree assortativity...
2025-09-18 03:29:29,279 - INFO - Calculating core numbers...
2025-09-18 03:29:29,280 - INFO - Calculating rich club coefficient...
2025-09-18 03:29:29,280 - INFO - Calculating global efficiency...
2025-09-18 03:29:29,299 - INFO - --> Citation network analysis completed
2025-09-18 03:29:29,300 - INFO - --> JSON metrics saved to community_detection/output/run59/run59_metrics.json
2025-09-18 03:29:29,300 - INFO - --> Enhanced Markdown report saved to community_detection/output/run59/run59_report.md
2025-09-18 03:29:29,300 - INFO - ===================================================================
2025-09-18 03:29:29,300 - INFO -                        Graph Analysis Summary                      
2025-09-18 03:29:29,300 - INFO - -------------------------------------------------------------------
2025-09-18 03:29:29,300 - INFO - This analysis examined a **medium directed graph** with:
2025-09-18 03:29:29,300 - INFO -  - 200 nodes (entities) and 714 connections
2025-09-18 03:29:29,300 - INFO -  - 0 nodes remaining after isolation removal (0 isolated nodes removed)
2025-09-18 03:29:29,300 - INFO -  - Sparse connectivity (density: 0.0%)
2025-09-18 03:29:29,300 - INFO -  - Low clustering (0.0% - how tightly grouped entities are)
2025-09-18 03:29:29,300 - INFO -  - Average connections per entity: 7.1
2025-09-18 03:29:29,300 - INFO - **Key Insights:**
2025-09-18 03:29:29,300 - INFO -  - The network is fully connected (all entities are reachable)
2025-09-18 03:29:29,300 - INFO -  - Low connectivity suggests potential for network growth
2025-09-18 03:29:29,300 - INFO - 
====================================================================================================
                                        Community Detection                                         
====================================================================================================
2025-09-18 03:29:29,503 - INFO - Infomap found 2 communities in 0s
2025-09-18 03:29:29,505 - INFO - Converted to undirected weighted graph:
2025-09-18 03:29:29,505 - INFO -    Weight distribution: {1: 468, 2: 123}
2025-09-18 03:29:29,522 - INFO - Louvain found 11 communities in 0s
2025-09-18 03:29:29,523 - INFO - Converted to undirected weighted graph:
2025-09-18 03:29:29,523 - INFO -    Weight distribution: {1: 468, 2: 123}
2025-09-18 03:29:29,531 - INFO - Leiden found 9 communities in 0s
2025-09-18 03:29:29,531 - INFO - 
====================================================================================================
                                        Community Evaluation                                        
====================================================================================================
2025-09-18 03:29:29,570 - INFO - --> Community results saved to community_detection/output/run59/run59_community_results.json
2025-09-18 03:29:29,572 - INFO - --> Community comparison CSV saved to community_detection/output/run59/run59_comparison.csv
2025-09-18 03:29:30,466 - INFO - --> Community size histograms generated:
2025-09-18 03:29:30,466 - INFO -    • Infomap: community_detection/output/run59/graphs/infomap_community_size_barplot.png
2025-09-18 03:29:30,466 - INFO -    • Louvain: community_detection/output/run59/graphs/louvain_community_size_barplot.png
2025-09-18 03:29:30,466 - INFO -    • Leiden: community_detection/output/run59/graphs/leiden_community_size_barplot.png
2025-09-18 03:29:30,466 - INFO - 📊 COMMUNITY DETECTION COMPARISON
2025-09-18 03:29:30,466 - INFO - ==================================================
2025-09-18 03:29:30,466 - INFO - Method       Communities  Modularity   Homophily   
2025-09-18 03:29:30,466 - INFO - --------------------------------------------------
2025-09-18 03:29:30,466 - INFO - Infomap      2            0.1378       0.7843      
2025-09-18 03:29:30,466 - INFO - Louvain      11           0.4105       0.5084      
2025-09-18 03:29:30,466 - INFO - Leiden       9            0.3846       0.5028      
2025-09-18 03:29:30,466 - INFO - ==================================================
2025-09-18 03:29:30,466 - INFO - 
====================================================================================================
                                      Community Visualization                                       
====================================================================================================
2025-09-18 03:29:33,995 - INFO - --> Macro-graph visualizations generated:
2025-09-18 03:29:33,995 - INFO -    • Infomap:
2025-09-18 03:29:33,995 - INFO -      - Weighted: community_detection/output/run59/graphs/infomap_macro_graph_weighted.png
2025-09-18 03:29:33,995 - INFO -      - Thresholded: community_detection/output/run59/graphs/infomap_macro_graph_thresholded.png
2025-09-18 03:29:33,995 - INFO -    • Louvain:
2025-09-18 03:29:33,995 - INFO -      - Weighted: community_detection/output/run59/graphs/louvain_macro_graph_weighted.png
2025-09-18 03:29:33,995 - INFO -      - Thresholded: community_detection/output/run59/graphs/louvain_macro_graph_thresholded.png
2025-09-18 03:29:33,995 - INFO -    • Leiden:
2025-09-18 03:29:33,995 - INFO -      - Weighted: community_detection/output/run59/graphs/leiden_macro_graph_weighted.png
2025-09-18 03:29:33,995 - INFO -      - Thresholded: community_detection/output/run59/graphs/leiden_macro_graph_thresholded.png
2025-09-18 03:29:33,995 - INFO - --> Generating community names...
2025-09-18 03:29:33,996 - INFO -    • Infomap: 2 communities named
2025-09-18 03:29:33,996 - INFO -    • Louvain: 11 communities named
2025-09-18 03:29:33,996 - INFO -    • Leiden: 9 communities named
2025-09-18 03:29:33,996 - INFO - --> Community names saved to community_detection/output/run59/run59_community_names.json
2025-09-18 03:29:33,996 - INFO - --> Example community names:
2025-09-18 03:29:33,996 - INFO -    • Infomap: Community_0, Community_1
2025-09-18 03:29:33,996 - INFO -    • Louvain: Community_0, Community_1, Community_2
2025-09-18 03:29:33,996 - INFO -    • Leiden: Community_0, Community_1, Community_2
2025-09-18 03:29:33,996 - INFO - 
====================================================================================================
                                         Pipeline Complete                                          
====================================================================================================
2025-09-18 03:29:33,996 - INFO - --> All outputs saved to community_detection/output/run59
2025-09-18 03:29:33,996 - INFO - ===================================================================
2025-09-18 03:29:33,996 - INFO -                           Pipeline Summary                         
2025-09-18 03:29:33,996 - INFO - -------------------------------------------------------------------
2025-09-18 03:29:33,996 - INFO -    • Run ID: run59
2025-09-18 03:29:33,996 - INFO -    • Graph: Simulated Citation Network (200 nodes)
2025-09-18 03:29:33,996 - INFO -    • Runtime: 4s
