2025-09-18 03:11:19,987 - INFO - 
====================================================================================================
                             Initializing Community Detection Pipeline                              
====================================================================================================
2025-09-18 03:11:19,994 - INFO - Simulated Citation Network graph
2025-09-18 03:11:19,994 - INFO - Description: Directed graph simulating academic paper citations
2025-09-18 03:11:19,994 - INFO - 
====================================================================================================
                                           Graph Analysis                                           
====================================================================================================
2025-09-18 03:11:20,011 - INFO - Initiating advanced metrics calculation...
2025-09-18 03:11:20,011 - INFO - Calculating transitivity...
2025-09-18 03:11:20,014 - INFO - Calculating average clustering...
2025-09-18 03:11:20,019 - INFO - Calculating filtered average clustering...
2025-09-18 03:11:20,024 - INFO - Calculating average shortest path length...
2025-09-18 03:11:20,040 - INFO - Calculating diameter...
2025-09-18 03:11:20,061 - INFO - Calculating radius...
2025-09-18 03:11:20,078 - INFO - Calculating centrality measures...
2025-09-18 03:11:20,264 - INFO - Calculating degree assortativity...
2025-09-18 03:11:20,268 - INFO - Calculating core numbers...
2025-09-18 03:11:20,270 - INFO - Calculating rich club coefficient...
2025-09-18 03:11:20,271 - INFO - Calculating global efficiency...
2025-09-18 03:11:20,439 - INFO - --> Citation network analysis completed
2025-09-18 03:11:20,440 - INFO - --> JSON metrics saved to community_detection/output/run57/run57_metrics.json
2025-09-18 03:11:20,440 - INFO - --> Enhanced Markdown report saved to community_detection/output/run57/run57_report.md
2025-09-18 03:11:20,440 - INFO - ===================================================================
2025-09-18 03:11:20,440 - INFO -                        Graph Analysis Summary                      
2025-09-18 03:11:20,440 - INFO - -------------------------------------------------------------------
2025-09-18 03:11:20,440 - INFO - This analysis examined a **medium directed graph** with:
2025-09-18 03:11:20,440 - INFO -  - 200 nodes (entities) and 714 connections
2025-09-18 03:11:20,440 - INFO -  - 0 nodes remaining after isolation removal (0 isolated nodes removed)
2025-09-18 03:11:20,440 - INFO -  - Sparse connectivity (density: 0.0%)
2025-09-18 03:11:20,440 - INFO -  - Low clustering (0.0% - how tightly grouped entities are)
2025-09-18 03:11:20,441 - INFO -  - Average connections per entity: 7.1
2025-09-18 03:11:20,441 - INFO - **Key Insights:**
2025-09-18 03:11:20,441 - INFO -  - The network is fully connected (all entities are reachable)
2025-09-18 03:11:20,441 - INFO -  - Low connectivity suggests potential for network growth
2025-09-18 03:11:20,441 - INFO - 
====================================================================================================
                                        Community Detection                                         
====================================================================================================
2025-09-18 03:11:20,569 - INFO - Infomap found 2 communities in 0s
2025-09-18 03:11:20,571 - INFO - Converted to undirected weighted graph:
2025-09-18 03:11:20,572 - INFO -    Weight distribution: {1: 468, 2: 123}
2025-09-18 03:11:20,590 - INFO - Louvain found 11 communities in 0s
2025-09-18 03:11:20,591 - INFO - Converted to undirected weighted graph:
2025-09-18 03:11:20,591 - INFO -    Weight distribution: {1: 468, 2: 123}
2025-09-18 03:11:20,599 - INFO - Leiden found 9 communities in 0s
2025-09-18 03:11:20,599 - INFO - 
====================================================================================================
                                        Community Evaluation                                        
====================================================================================================
2025-09-18 03:11:20,632 - INFO - --> Community results saved to community_detection/output/run57/run57_community_results.json
2025-09-18 03:11:20,634 - INFO - --> Community comparison CSV saved to community_detection/output/run57/run57_comparison.csv
2025-09-18 03:11:21,655 - INFO - --> Community size histograms generated:
2025-09-18 03:11:21,656 - INFO -    • Infomap: community_detection/output/run57/graphs/infomap_community_size_rankplot.png
2025-09-18 03:11:21,656 - INFO -    • Louvain: community_detection/output/run57/graphs/louvain_community_size_rankplot.png
2025-09-18 03:11:21,656 - INFO -    • Leiden: community_detection/output/run57/graphs/leiden_community_size_rankplot.png
2025-09-18 03:11:21,656 - INFO - 📊 COMMUNITY DETECTION COMPARISON
2025-09-18 03:11:21,656 - INFO - ==================================================
2025-09-18 03:11:21,656 - INFO - Method       Communities  Modularity   Homophily   
2025-09-18 03:11:21,656 - INFO - --------------------------------------------------
2025-09-18 03:11:21,656 - INFO - Infomap      2            0.1378       0.7843      
2025-09-18 03:11:21,656 - INFO - Louvain      11           0.4105       0.5084      
2025-09-18 03:11:21,656 - INFO - Leiden       9            0.3846       0.5028      
2025-09-18 03:11:21,656 - INFO - ==================================================
2025-09-18 03:11:21,656 - INFO - 
====================================================================================================
                                      Community Visualization                                       
====================================================================================================
2025-09-18 03:11:21,656 - INFO - 
====================================================================================================
                                         Pipeline Complete                                          
====================================================================================================
2025-09-18 03:11:21,656 - INFO - --> All outputs saved to community_detection/output/run57
2025-09-18 03:11:21,656 - INFO - ===================================================================
2025-09-18 03:11:21,656 - INFO -                           Pipeline Summary                         
2025-09-18 03:11:21,656 - INFO - -------------------------------------------------------------------
2025-09-18 03:11:21,656 - INFO -    • Run ID: run57
2025-09-18 03:11:21,656 - INFO -    • Graph: Simulated Citation Network (200 nodes)
2025-09-18 03:11:21,656 - INFO -    • Runtime: 1s
